#
# A fatal error has been detected by the Java Runtime Environment:
#
#  SIGBUS (0x7) at pc=0x000070b219a27f18, pid=2309868, tid=2309876
#
# JRE version: OpenJDK Runtime Environment Temurin-17+35 (17.0+35) (build 17+35)
# Java VM: OpenJDK 64-Bit Server VM Temurin-17+35 (17+35, mixed mode, sharing, tiered, compressed oops, compressed class ptrs, parallel gc, linux-amd64)
# Problematic frame:
# V
[error occurred during error reporting (printing problematic frame), id 0x7, SIGBUS (0x7) at pc=0x000070b219e42070]

# No core dump will be written. Core dumps have been disabled. To enable core dumping, try "ulimit -c unlimited" before starting Java again
#
# If you would like to submit a bug report, please visit:
#   https://github.com/adoptium/adoptium-support/issues
#

---------------  S U M M A R Y ------------

Command Line: -Xss4m -XX:MaxInlineLevel=20 -XX:+UseParallelGC bloop.Server 8212

Host: 12th Gen Intel(R) Core(TM) i5-12600K, 16 cores, 15G, 
[error occurred during error reporting (printing summary machine and OS info), id 0x7, SIGBUS (0x7) at pc=0x000070b219e42460]

Time: Wed Nov  6 09:24:37 2024 CST elapsed time: 1203759.530748 seconds (13d 22h 22m 39s)

---------------  T H R E A D  ---------------

Current thread (0x000070b21407afc0):  JavaThread "Signal Dispatcher" daemon [_thread_in_vm, id=2309876, stack(0x000070b1e7800000,0x000070b1e7c00000)]

Stack: [0x000070b1e7800000,0x000070b1e7c00000],  sp=0x000070b1e7bfe6c0,  free space=4089k
Native frames: (J=compiled Java code, j=interpreted, Vv=VM code, C=native code)
V
[error occurred during error reporting (printing native stack), id 0x7, SIGBUS (0x7) at pc=0x000070b219e42070]


siginfo: si_signo: 7 (SIGBUS), si_code: 2 (BUS_ADRERR), si_addr: 0x000000080064ac28
Error accessing class data sharing archive. Mapped file inaccessible during execution, possible disk/network problem.
Register to memory mapping:

RAX=0x00000008000000d0 is pointing into metadata
RBX=0x000000080007b460 is a pointer to class: 
jdk.internal.misc.Signal {0x000000080007b460}
 - instance size:     3
 - klass size:        66
 - access:            public final synchronized 
 - state:             fully_initialized
 - name:              'jdk/internal/misc/Signal'
 - super:             'java/lang/Object'
 - sub:               
 - arrays:            NULL
 - methods:           Array<T>(0x000000080064ac28)
 - method ordering:   Array<T>(0x000000080064b200)
 - default_methods:   Array<T>(0x0000000000000000)
 - local interfaces:  Array<T>(0x00000008005bd098)
 - trans. interfaces: Array<T>(0x00000008005bd098)
 - constants:         
[error occurred during error reporting (printing register info), id 0x7, SIGBUS (0x7) at pc=0x000070b219a31805]

Registers:
RAX=0x00000008000000d0, RBX=0x000000080007b460, RCX=0x0000000000000001, RDX=0x000000080043f1f0
RSP=0x000070b1e7bfe6c0, RBP=0x000070b1e7bfe6f8, RSI=0x000000080043ce88, RDI=0x000000080064ac28
R8 =0x0000000000000000, R9 =0x000070b21407afc0, R10=0x000000080007b460, R11=0x0000000000000201
R12=0x0000000000000000, R13=0x000000080043f1f0, R14=0x000000080043ce88, R15=0x000000080064ac28
RIP=0x000070b219a27f18, EFLAGS=0x0000000000010246, CSGSFS=0x002b000000000033, ERR=0x0000000000000004
  TRAPNO=0x000000000000000e

Top of Stack: (sp=0x000070b1e7bfe6c0)
0x000070b1e7bfe6c0:   0000000000000000 0000000100000000
0x000070b1e7bfe6d0:   000000080007b460 0000000000000000
0x000070b1e7bfe6e0:   000000080043f1f0 000000080043ce88
0x000070b1e7bfe6f0:   000000080064ac28 000070b1e7bfe730 

Instructions: (pc=0x000070b219a27f18)
0x000070b219a27e18:   4c 89 ee 48 89 c7 e8 3d fe ff ff e9 5d fe ff ff
0x000070b219a27e28:   0f 1f 84 00 00 00 00 00 48 8d 5d b0 eb ab 66 2e
0x000070b219a27e38:   0f 1f 84 00 00 00 00 00 55 48 8b 87 e0 00 00 00
0x000070b219a27e48:   48 89 e5 48 85 c0 74 10 5d 48 8b bf e0 00 00 00
0x000070b219a27e58:   e9 73 db ba ff 0f 1f 00 5d c3 0f 1f 40 00 66 2e
0x000070b219a27e68:   0f 1f 84 00 00 00 00 00 8b 17 55 b8 ff ff ff ff
0x000070b219a27e78:   48 89 e5 85 d2 7e 52 48 8b 47 08 48 8b 40 08 0f
0x000070b219a27e88:   b7 48 22 48 8b 40 08 48 3b 74 c8 48 74 42 44 8d
0x000070b219a27e98:   4a ff ba 01 00 00 00 49 83 c1 01 eb 20 0f 1f 00
0x000070b219a27ea8:   48 8b 4c d7 08 48 83 c2 01 48 8b 49 08 44 0f b7
0x000070b219a27eb8:   41 22 48 8b 49 08 4a 3b 74 c1 48 74 0c 49 39 d1
0x000070b219a27ec8:   89 d0 75 dc b8 ff ff ff ff 5d c3 0f 1f 44 00 00
0x000070b219a27ed8:   31 c0 5d c3 0f 1f 40 00 55 48 89 e5 41 57 41 56
0x000070b219a27ee8:   41 55 41 54 45 89 c4 53 49 89 ff 49 89 f6 49 89
0x000070b219a27ef8:   d5 48 83 ec 10 83 f9 01 89 4d d4 41 0f 94 c3 41
0x000070b219a27f08:   83 f8 01 41 0f 94 c0 80 3d bb b7 dc 00 00 75 68
0x000070b219a27f18:   8b 07 bb ff ff ff ff 01 d8 78 42 31 d2 eb 10 66
0x000070b219a27f28:   0f 1f 84 00 00 00 00 00 8d 53 01 39 c2 7f 29 8d
0x000070b219a27f38:   1c 02 d1 fb 48 63 cb 49 8b 4c cf 08 48 8b 49 08
0x000070b219a27f48:   0f b7 71 22 48 8b 49 08 4c 39 74 f1 48 72 d9 74
0x000070b219a27f58:   37 8d 43 ff 39 c2 7e d7 bb ff ff ff ff 48 83 c4
0x000070b219a27f68:   10 89 d8 5b 41 5c 41 5d 41 5e 41 5f 5d c3 66 2e
0x000070b219a27f78:   0f 1f 84 00 00 00 00 00 44 88 45 c8 e8 e7 fe ff
0x000070b219a27f88:   ff 44 0f b6 45 c8 89 c3 83 fb ff 74 d0 48 63 c3
0x000070b219a27f98:   41 83 e0 01 31 c9 4d 8d 14 c7 41 0f b6 d3 4c 89
0x000070b219a27fa8:   ee 49 8b 7a 08 4c 89 55 c8 e8 3a da ff ff 84 c0
0x000070b219a27fb8:   75 ab 89 df 4c 8b 55 c8 83 ef 01 0f 88 8f 00 00
0x000070b219a27fc8:   00 49 8b 0a 48 8b 41 08 0f b7 70 22 48 8b 50 08
0x000070b219a27fd8:   4c 3b 74 f2 48 75 79 41 83 fc 01 0f 85 0f 01 00
0x000070b219a27fe8:   00 83 7d d4 01 48 63 f7 89 ff 0f 84 18 02 00 00
0x000070b219a27ff8:   44 8d 43 fe 49 89 f1 49 29 f9 4d 63 c0 4c 89 cf
0x000070b219a28008:   49 29 f0 4f 8d 04 c7 eb 29 0f 1f 80 00 00 00 00 


Stack slot to memory mapping:
stack at sp + 0 slots: 0x0 is NULL
stack at sp + 1 slots: 0x0000000100000000 is an unknown value
stack at sp + 2 slots: 0x000000080007b460 is a pointer to class: 
jdk.internal.misc.Signal {0x000000080007b460}
 - instance size:     3
 - klass size:        66
 - access:            public final synchronized 
 - state:             fully_initialized
 - name:              'jdk/internal/misc/Signal'
 - super:             'java/lang/Object'
 - sub:               
 - arrays:            NULL
 - methods:           Array<T>(0x000000080064ac28)
 - method ordering:   Array<T>(0x000000080064b200)
 - default_methods:   Array<T>(0x0000000000000000)
 - local interfaces:  Array<T>(0x00000008005bd098)
 - trans. interfaces: Array<T>(0x00000008005bd098)
 - constants:         
[error occurred during error reporting (inspecting top of stack), id 0x7, SIGBUS (0x7) at pc=0x000070b219a31805]


---------------  P R O C E S S  ---------------

Threads class SMR info:
_java_thread_list=0x000070b11c076480, length=16, elements={
0x000070b214028480, 0x000070b2140735d0, 0x000070b2140749e0, 0x000070b21407afc0,
0x000070b21407c340, 0x000070b21407d720, 0x000070b21407f120, 0x000070b214080620,
0x000070b214081a60, 0x000070b2140be5a0, 0x000070b2140c1de0, 0x000070b21495da80,
0x000070b21495b3b0, 0x000070b21495c000, 0x000070b1200750f0, 0x000070b11c038180
}

Java Threads: ( => current thread )
  0x000070b214028480 JavaThread "main" [_thread_in_native, id=2309870, stack(0x000070b218e00000,0x000070b219200000)]
  0x000070b2140735d0 JavaThread "Reference Handler" daemon [_thread_blocked, id=2309874, stack(0x000070b1ec600000,0x000070b1eca00000)]
  0x000070b2140749e0 JavaThread "Finalizer" daemon [_thread_blocked, id=2309875, stack(0x000070b1ec200000,0x000070b1ec600000)]
=>0x000070b21407afc0 JavaThread "Signal Dispatcher" daemon [_thread_in_vm, id=2309876, stack(0x000070b1e7800000,0x000070b1e7c00000)]
  0x000070b21407c340 JavaThread "Service Thread" daemon [_thread_blocked, id=2309877, stack(0x000070b1e7400000,0x000070b1e7800000)]
  0x000070b21407d720 JavaThread "Monitor Deflation Thread" daemon [_thread_blocked, id=2309878, stack(0x000070b1e7000000,0x000070b1e7400000)]
  0x000070b21407f120 JavaThread "C2 CompilerThread0" daemon [_thread_blocked, id=2309879, stack(0x000070b1ecdfe000,0x000070b1ecefe000)]
  0x000070b214080620 JavaThread "C1 CompilerThread0" daemon [_thread_blocked, id=2309880, stack(0x000070b1eccfe000,0x000070b1ecdfe000)]
  0x000070b214081a60 JavaThread "Sweeper thread" daemon [_thread_blocked, id=2309881, stack(0x000070b1e6c00000,0x000070b1e7000000)]
  0x000070b2140be5a0 JavaThread "Notification Thread" daemon [_thread_blocked, id=2309885, stack(0x000070b1e6800000,0x000070b1e6c00000)]
  0x000070b2140c1de0 JavaThread "Common-Cleaner" daemon [_thread_blocked, id=2309887, stack(0x000070b1e6400000,0x000070b1e6800000)]
  0x000070b21495da80 JavaThread "NGSession 1: (idle)" [_thread_blocked, id=2310056, stack(0x000070b1dbc00000,0x000070b1dc000000)]
  0x000070b21495b3b0 JavaThread "NGSession 2: (idle)" [_thread_blocked, id=2310057, stack(0x000070b1db800000,0x000070b1dbc00000)]
  0x000070b21495c000 JavaThread "NGSession 3: (idle)" [_thread_blocked, id=2310058, stack(0x000070b1db400000,0x000070b1db800000)]
  0x000070b1200750f0 JavaThread "JNA Cleaner" daemon [_thread_blocked, id=2310108, stack(0x000070b1ce200000,0x000070b1ce600000)]
  0x000070b11c038180 JavaThread "monix-scheduler-48" daemon [_thread_blocked, id=2310139, stack(0x000070b1c2c00000,0x000070b1c3000000)]

Other Threads:
  0x000070b21406ede0 VMThread "VM Thread" [stack: 0x000070b1ecf00000,0x000070b1ed000000] [id=2309873]
  0x000070b2140bff30 WatcherThread [stack: 0x000070b1e7f00000,0x000070b1e8000000] [id=2309886]
  0x000070b21403ff30 GCTaskThread "GC Thread#0" [stack: 0x000070b21b224000,0x000070b21b324000] [id=2309872]
  0x000070b1e8001350 GCTaskThread "GC Thread#1" [stack: 0x000070b1e5d00000,0x000070b1e5e00000] [id=2310073]
  0x000070b1e8001d50 GCTaskThread "GC Thread#2" [stack: 0x000070b1e5bfe000,0x000070b1e5cfe000] [id=2310074]
  0x000070b1e8002750 GCTaskThread "GC Thread#3" [stack: 0x000070b1e5afc000,0x000070b1e5bfc000] [id=2310075]
  0x000070b1e8003150 GCTaskThread "GC Thread#4" [stack: 0x000070b1e5700000,0x000070b1e5800000] [id=2310076]
  0x000070b1e8003b50 GCTaskThread "GC Thread#5" [stack: 0x000070b1e55fe000,0x000070b1e56fe000] [id=2310077]
  0x000070b1e8004550 GCTaskThread "GC Thread#6" [stack: 0x000070b1e54fc000,0x000070b1e55fc000] [id=2310078]
  0x000070b1e8004f50 GCTaskThread "GC Thread#7" [stack: 0x000070b1e5100000,0x000070b1e5200000] [id=2310079]
  0x000070b1e8005950 GCTaskThread "GC Thread#8" [stack: 0x000070b1e4700000,0x000070b1e4800000] [id=2310080]
  0x000070b1e8006350 GCTaskThread "GC Thread#9" [stack: 0x000070b1e45fe000,0x000070b1e46fe000] [id=2310081]
  0x000070b1e8006d50 GCTaskThread "GC Thread#10" [stack: 0x000070b1e44fc000,0x000070b1e45fc000] [id=2310082]
  0x000070b1e8007750 GCTaskThread "GC Thread#11" [stack: 0x000070b1e4100000,0x000070b1e4200000] [id=2310083]
  0x000070b1e800acc0 GCTaskThread "GC Thread#12" [stack: 0x000070b1dab00000,0x000070b1dac00000] [id=2310719]

Threads with active compile tasks:

VM state: not at safepoint (normal execution)

VM Mutex/Monitor currently owned by a thread: None

Heap address: 0x000000070ae00000, size: 3922 MB, Compressed Oops mode: Zero based, Oop shift amount: 3

CDS archive(s) mapped at: [0x0000000800000000-0x0000000800bcd000-0x0000000800bcd000), size 12374016, SharedBaseAddress: 0x0000000800000000, ArchiveRelocationMode: 0.
Compressed class space mapped at: 0x0000000800c00000-0x0000000840c00000, reserved size: 1073741824
Narrow klass base: 0x0000000800000000, Narrow klass shift: 0, Narrow klass range: 0x100000000

GC Precious Log:
 CPUs: 16 total, 16 available
 Memory: 15680M
 Large Page Support: Disabled
 NUMA Support: Disabled
 Compressed Oops: Enabled (Zero based)
 Alignments: Space 512K, Generation 512K, Heap 2M
 Heap Min Capacity: 8M
 Heap Initial Capacity: 246M
 Heap Max Capacity: 3922M
 Pre-touch: Disabled
 Parallel Workers: 13

Heap:
 PSYoungGen      total 72192K, used 46903K [0x00000007ae500000, 0x00000007b4280000, 0x0000000800000000)
  eden space 50688K, 83% used [0x00000007ae500000,0x00000007b0e678e0,0x00000007b1680000)
  from space 21504K, 20% used [0x00000007b2d80000,0x00000007b31e6708,0x00000007b4280000)
  to   space 22528K, 0% used [0x00000007b1680000,0x00000007b1680000,0x00000007b2c80000)
 ParOldGen       total 126464K, used 46725K [0x000000070ae00000, 0x0000000712980000, 0x00000007ae500000)
  object space 126464K, 36% used [0x000000070ae00000,0x000000070dba1508,0x0000000712980000)
 Metaspace       used 93959K, committed 94784K, reserved 1138688K
  class space    used 11779K, committed 12096K, reserved 1048576K

Card table byte_map: [0x000070b1fc200000,0x000070b1fc9aa000] _byte_map_base: 0x000070b1f89a9000

Marking Bits: (ParMarkBitMap*) 0x000070b21a80d460
 Begin Bits: [0x000070b1efe00000, 0x000070b1f3b48000)
 End Bits:   [0x000070b1f3b48000, 0x000070b1f7890000)

Polling page: 0x000070b21b63a000

Metaspace:

Usage:
  Non-class:     80.25 MB used.
      Class:     11.50 MB used.
       Both:     91.76 MB used.

Virtual space:
  Non-class space:       88.00 MB reserved,      80.75 MB ( 92%) committed,  11 nodes.
      Class space:        1.00 GB reserved,      11.81 MB (  1%) committed,  1 nodes.
             Both:        1.09 GB reserved,      92.56 MB (  8%) committed. 

Chunk freelists:
   Non-Class:  2.91 MB
       Class:  124.00 KB
        Both:  3.03 MB

MaxMetaspaceSize: unlimited
CompressedClassSpaceSize: 1.00 GB
Initial GC threshold: 21.00 MB
Current GC threshold: 153.56 MB
CDS: on
MetaspaceReclaimPolicy: balanced
 - commit_granule_bytes: 65536.
 - commit_granule_words: 8192.
 - virtual_space_node_default_size: 1048576.
 - enlarge_chunks_in_place: 1.
 - new_chunks_are_fully_committed: 0.
 - uncommit_free_chunks: 1.
 - use_allocation_guard: 0.
 - handle_deallocations: 1.


Internal statistics:

num_allocs_failed_limit: 11.
num_arena_births: 1010.
num_arena_deaths: 134.
num_vsnodes_births: 12.
num_vsnodes_deaths: 0.
num_space_committed: 1478.
num_space_uncommitted: 1.
num_chunks_returned_to_freelist: 312.
num_chunks_taken_from_freelist: 4763.
num_chunk_merges: 92.
num_chunk_splits: 3409.
num_chunks_enlarged: 2803.
num_purges: 8.
num_inconsistent_stats: 0.

CodeHeap 'non-profiled nmethods': size=119168Kb used=13277Kb max_used=13277Kb free=105890Kb
 bounds [0x000070b2045a0000, 0x000070b2052a0000, 0x000070b20ba00000]
CodeHeap 'profiled nmethods': size=119164Kb used=35655Kb max_used=35655Kb free=83508Kb
 bounds [0x000070b1fd141000, 0x000070b1ff421000, 0x000070b2045a0000]
CodeHeap 'non-nmethods': size=7428Kb used=1443Kb max_used=3194Kb free=5984Kb
 bounds [0x000070b1fca00000, 0x000070b1fcd90000, 0x000070b1fd141000]
 total_blobs=17460 nmethods=16663 adapters=708
 compilation: enabled
              stopped_count=0, restarted_count=0
 full_count=0

Compilation events (20 events):
Event: 11347.578 Thread 0x000070b214080620 19835       3       java.util.logging.LogManager::getLogger (9 bytes)
Event: 11347.578 Thread 0x000070b214080620 nmethod 19835 0x000070b1ff414990 code [0x000070b1ff414b40, 0x000070b1ff414d30]
Event: 36367.767 Thread 0x000070b21407f120 19836       4       java.lang.ClassLoader::getPlatformClassLoader (21 bytes)
Event: 36367.767 Thread 0x000070b21407f120 nmethod 19836 0x000070b205293a90 code [0x000070b205293c20, 0x000070b205293cb8]
Event: 65884.469 Thread 0x000070b21407f120 19837   !   4       jdk.internal.ref.PhantomCleanable::isListEmpty (34 bytes)
Event: 65884.471 Thread 0x000070b21407f120 nmethod 19837 0x000070b205293d90 code [0x000070b205293f20, 0x000070b205294118]
Event: 154628.673 Thread 0x000070b21407f120 19838   !   4       java.util.logging.LogManager::ensureLogManagerInitialized (144 bytes)
Event: 154628.679 Thread 0x000070b21407f120 nmethod 19838 0x000070b205294210 code [0x000070b2052943a0, 0x000070b205294438]
Event: 156998.704 Thread 0x000070b21407f120 19839       4       java.lang.Module::getClassLoader (20 bytes)
Event: 156998.709 Thread 0x000070b21407f120 nmethod 19839 0x000070b205294510 code [0x000070b2052946a0, 0x000070b205294758]
Event: 159968.733 Thread 0x000070b21407f120 19840   !   4       java.util.logging.LogManager::getUserContext (118 bytes)
Event: 159968.736 Thread 0x000070b21407f120 nmethod 19840 0x000070b205294810 code [0x000070b2052949a0, 0x000070b205294a88]
Event: 160868.739 Thread 0x000070b21407f120 19841   !   4       java.util.logging.LogManager$LoggerContext::findLogger (113 bytes)
Event: 160868.801 Thread 0x000070b21407f120 nmethod 19841 0x000070b205294b90 code [0x000070b205294d60, 0x000070b205295568]
Event: 161108.758 Thread 0x000070b21407f120 19842       4       java.util.logging.Logger::getLogger (8 bytes)
Event: 161108.791 Thread 0x000070b21407f120 nmethod 19842 0x000070b205295b10 code [0x000070b205295d00, 0x000070b2052967c8]
Event: 190688.980 Thread 0x000070b21407f120 19843       4       jdk.internal.access.SharedSecrets::getJavaAWTAccess (4 bytes)
Event: 190688.980 Thread 0x000070b21407f120 nmethod 19843 0x000070b205297190 code [0x000070b205297300, 0x000070b205297378]
Event: 191828.988 Thread 0x000070b21407f120 19844       4       java.util.logging.Logger::isLoggable (27 bytes)
Event: 191828.998 Thread 0x000070b21407f120 nmethod 19844 0x000070b205297490 code [0x000070b205297620, 0x000070b2052976d8]

GC Heap History (20 events):
Event: 3360.836 GC heap before
{Heap before GC invocations=52 (full 4):
 PSYoungGen      total 66048K, used 65388K [0x00000007ae500000, 0x00000007b4980000, 0x0000000800000000)
  eden space 48128K, 99% used [0x00000007ae500000,0x00000007b13efe00,0x00000007b1400000)
  from space 17920K, 96% used [0x00000007b2800000,0x00000007b38eb4d0,0x00000007b3980000)
  to   space 20480K, 0% used [0x00000007b1400000,0x00000007b1400000,0x00000007b2800000)
 ParOldGen       total 122368K, used 77246K [0x000000070ae00000, 0x0000000712580000, 0x00000007ae500000)
  object space 122368K, 63% used [0x000000070ae00000,0x000000070f96fb40,0x0000000712580000)
 Metaspace       used 92891K, committed 93632K, reserved 1138688K
  class space    used 11695K, committed 11968K, reserved 1048576K
}
Event: 3360.841 GC heap after
{Heap after GC invocations=52 (full 4):
 PSYoungGen      total 68608K, used 672K [0x00000007ae500000, 0x00000007b4680000, 0x0000000800000000)
  eden space 48128K, 0% used [0x00000007ae500000,0x00000007ae500000,0x00000007b1400000)
  from space 20480K, 3% used [0x00000007b1400000,0x00000007b14a8000,0x00000007b2800000)
  to   space 20480K, 0% used [0x00000007b3280000,0x00000007b3280000,0x00000007b4680000)
 ParOldGen       total 122368K, used 94255K [0x000000070ae00000, 0x0000000712580000, 0x00000007ae500000)
  object space 122368K, 77% used [0x000000070ae00000,0x0000000710a0bd50,0x0000000712580000)
 Metaspace       used 92891K, committed 93632K, reserved 1138688K
  class space    used 11695K, committed 11968K, reserved 1048576K
}
Event: 3374.371 GC heap before
{Heap before GC invocations=53 (full 4):
 PSYoungGen      total 68608K, used 48800K [0x00000007ae500000, 0x00000007b4680000, 0x0000000800000000)
  eden space 48128K, 100% used [0x00000007ae500000,0x00000007b1400000,0x00000007b1400000)
  from space 20480K, 3% used [0x00000007b1400000,0x00000007b14a8000,0x00000007b2800000)
  to   space 20480K, 0% used [0x00000007b3280000,0x00000007b3280000,0x00000007b4680000)
 ParOldGen       total 122368K, used 94255K [0x000000070ae00000, 0x0000000712580000, 0x00000007ae500000)
  object space 122368K, 77% used [0x000000070ae00000,0x0000000710a0bd50,0x0000000712580000)
 Metaspace       used 92987K, committed 93824K, reserved 1138688K
  class space    used 11710K, committed 12032K, reserved 1048576K
}
Event: 3374.374 GC heap after
{Heap after GC invocations=53 (full 4):
 PSYoungGen      total 60928K, used 13581K [0x00000007ae500000, 0x00000007b4000000, 0x0000000800000000)
  eden space 47104K, 0% used [0x00000007ae500000,0x00000007ae500000,0x00000007b1300000)
  from space 13824K, 98% used [0x00000007b3280000,0x00000007b3fc3548,0x00000007b4000000)
  to   space 21504K, 0% used [0x00000007b1600000,0x00000007b1600000,0x00000007b2b00000)
 ParOldGen       total 122368K, used 94703K [0x000000070ae00000, 0x0000000712580000, 0x00000007ae500000)
  object space 122368K, 77% used [0x000000070ae00000,0x0000000710a7bd60,0x0000000712580000)
 Metaspace       used 92987K, committed 93824K, reserved 1138688K
  class space    used 11710K, committed 12032K, reserved 1048576K
}
Event: 3727.094 GC heap before
{Heap before GC invocations=54 (full 4):
 PSYoungGen      total 60928K, used 60685K [0x00000007ae500000, 0x00000007b4000000, 0x0000000800000000)
  eden space 47104K, 100% used [0x00000007ae500000,0x00000007b1300000,0x00000007b1300000)
  from space 13824K, 98% used [0x00000007b3280000,0x00000007b3fc3548,0x00000007b4000000)
  to   space 21504K, 0% used [0x00000007b1600000,0x00000007b1600000,0x00000007b2b00000)
 ParOldGen       total 122368K, used 94703K [0x000000070ae00000, 0x0000000712580000, 0x00000007ae500000)
  object space 122368K, 77% used [0x000000070ae00000,0x0000000710a7bd60,0x0000000712580000)
 Metaspace       used 93157K, committed 93952K, reserved 1138688K
  class space    used 11724K, committed 12032K, reserved 1048576K
}
Event: 3727.095 GC heap after
{Heap after GC invocations=54 (full 4):
 PSYoungGen      total 51712K, used 4833K [0x00000007ae500000, 0x00000007b3b80000, 0x0000000800000000)
  eden space 46592K, 0% used [0x00000007ae500000,0x00000007ae500000,0x00000007b1280000)
  from space 5120K, 94% used [0x00000007b1600000,0x00000007b1ab8490,0x00000007b1b00000)
  to   space 20992K, 0% used [0x00000007b2700000,0x00000007b2700000,0x00000007b3b80000)
 ParOldGen       total 122368K, used 94878K [0x000000070ae00000, 0x0000000712580000, 0x00000007ae500000)
  object space 122368K, 77% used [0x000000070ae00000,0x0000000710aa7b10,0x0000000712580000)
 Metaspace       used 93157K, committed 93952K, reserved 1138688K
  class space    used 11724K, committed 12032K, reserved 1048576K
}
Event: 3727.180 GC heap before
{Heap before GC invocations=55 (full 4):
 PSYoungGen      total 51712K, used 51425K [0x00000007ae500000, 0x00000007b3b80000, 0x0000000800000000)
  eden space 46592K, 100% used [0x00000007ae500000,0x00000007b1280000,0x00000007b1280000)
  from space 5120K, 94% used [0x00000007b1600000,0x00000007b1ab8490,0x00000007b1b00000)
  to   space 20992K, 0% used [0x00000007b2700000,0x00000007b2700000,0x00000007b3b80000)
 ParOldGen       total 122368K, used 94878K [0x000000070ae00000, 0x0000000712580000, 0x00000007ae500000)
  object space 122368K, 77% used [0x000000070ae00000,0x0000000710aa7b10,0x0000000712580000)
 Metaspace       used 93263K, committed 94080K, reserved 1138688K
  class space    used 11744K, committed 12032K, reserved 1048576K
}
Event: 3727.183 GC heap after
{Heap after GC invocations=55 (full 4):
 PSYoungGen      total 66048K, used 16506K [0x00000007ae500000, 0x00000007b4880000, 0x0000000800000000)
  eden space 45056K, 0% used [0x00000007ae500000,0x00000007ae500000,0x00000007b1100000)
  from space 20992K, 78% used [0x00000007b2700000,0x00000007b371ea08,0x00000007b3b80000)
  to   space 22528K, 0% used [0x00000007b1100000,0x00000007b1100000,0x00000007b2700000)
 ParOldGen       total 122368K, used 99267K [0x000000070ae00000, 0x0000000712580000, 0x00000007ae500000)
  object space 122368K, 81% used [0x000000070ae00000,0x0000000710ef0e10,0x0000000712580000)
 Metaspace       used 93263K, committed 94080K, reserved 1138688K
  class space    used 11744K, committed 12032K, reserved 1048576K
}
Event: 3732.622 GC heap before
{Heap before GC invocations=56 (full 4):
 PSYoungGen      total 66048K, used 61562K [0x00000007ae500000, 0x00000007b4880000, 0x0000000800000000)
  eden space 45056K, 100% used [0x00000007ae500000,0x00000007b1100000,0x00000007b1100000)
  from space 20992K, 78% used [0x00000007b2700000,0x00000007b371ea08,0x00000007b3b80000)
  to   space 22528K, 0% used [0x00000007b1100000,0x00000007b1100000,0x00000007b2700000)
 ParOldGen       total 122368K, used 99267K [0x000000070ae00000, 0x0000000712580000, 0x00000007ae500000)
  object space 122368K, 81% used [0x000000070ae00000,0x0000000710ef0e10,0x0000000712580000)
 Metaspace       used 93494K, committed 94336K, reserved 1138688K
  class space    used 11759K, committed 12096K, reserved 1048576K
}
Event: 3732.627 GC heap after
{Heap after GC invocations=56 (full 4):
 PSYoungGen      total 67584K, used 11903K [0x00000007ae500000, 0x00000007b4680000, 0x0000000800000000)
  eden space 45056K, 0% used [0x00000007ae500000,0x00000007ae500000,0x00000007b1100000)
  from space 22528K, 52% used [0x00000007b1100000,0x00000007b1c9ff68,0x00000007b2700000)
  to   space 22528K, 0% used [0x00000007b3080000,0x00000007b3080000,0x00000007b4680000)
 ParOldGen       total 122368K, used 115671K [0x000000070ae00000, 0x0000000712580000, 0x00000007ae500000)
  object space 122368K, 94% used [0x000000070ae00000,0x0000000711ef5d28,0x0000000712580000)
 Metaspace       used 93494K, committed 94336K, reserved 1138688K
  class space    used 11759K, committed 12096K, reserved 1048576K
}
Event: 3732.627 GC heap before
{Heap before GC invocations=57 (full 5):
 PSYoungGen      total 67584K, used 11903K [0x00000007ae500000, 0x00000007b4680000, 0x0000000800000000)
  eden space 45056K, 0% used [0x00000007ae500000,0x00000007ae500000,0x00000007b1100000)
  from space 22528K, 52% used [0x00000007b1100000,0x00000007b1c9ff68,0x00000007b2700000)
  to   space 22528K, 0% used [0x00000007b3080000,0x00000007b3080000,0x00000007b4680000)
 ParOldGen       total 122368K, used 115671K [0x000000070ae00000, 0x0000000712580000, 0x00000007ae500000)
  object space 122368K, 94% used [0x000000070ae00000,0x0000000711ef5d28,0x0000000712580000)
 Metaspace       used 93494K, committed 94336K, reserved 1138688K
  class space    used 11759K, committed 12096K, reserved 1048576K
}
Event: 3732.668 GC heap after
{Heap after GC invocations=57 (full 5):
 PSYoungGen      total 77312K, used 0K [0x00000007ae500000, 0x00000007b4680000, 0x0000000800000000)
  eden space 54784K, 0% used [0x00000007ae500000,0x00000007ae500000,0x00000007b1a80000)
  from space 22528K, 0% used [0x00000007b3080000,0x00000007b3080000,0x00000007b4680000)
  to   space 22528K, 0% used [0x00000007b1a80000,0x00000007b1a80000,0x00000007b3080000)
 ParOldGen       total 126464K, used 42832K [0x000000070ae00000, 0x0000000712980000, 0x00000007ae500000)
  object space 126464K, 33% used [0x000000070ae00000,0x000000070d7d4108,0x0000000712980000)
 Metaspace       used 93199K, committed 94336K, reserved 1138688K
  class space    used 11680K, committed 12096K, reserved 1048576K
}
Event: 3770.809 GC heap before
{Heap before GC invocations=58 (full 5):
 PSYoungGen      total 77312K, used 54784K [0x00000007ae500000, 0x00000007b4680000, 0x0000000800000000)
  eden space 54784K, 100% used [0x00000007ae500000,0x00000007b1a80000,0x00000007b1a80000)
  from space 22528K, 0% used [0x00000007b3080000,0x00000007b3080000,0x00000007b4680000)
  to   space 22528K, 0% used [0x00000007b1a80000,0x00000007b1a80000,0x00000007b3080000)
 ParOldGen       total 126464K, used 42832K [0x000000070ae00000, 0x0000000712980000, 0x00000007ae500000)
  object space 126464K, 33% used [0x000000070ae00000,0x000000070d7d4108,0x0000000712980000)
 Metaspace       used 93350K, committed 94336K, reserved 1138688K
  class space    used 11693K, committed 12096K, reserved 1048576K
}
Event: 3770.811 GC heap after
{Heap after GC invocations=58 (full 5):
 PSYoungGen      total 68608K, used 14715K [0x00000007ae500000, 0x00000007b4680000, 0x0000000800000000)
  eden space 53760K, 0% used [0x00000007ae500000,0x00000007ae500000,0x00000007b1980000)
  from space 14848K, 99% used [0x00000007b1a80000,0x00000007b28ded70,0x00000007b2900000)
  to   space 23040K, 0% used [0x00000007b3000000,0x00000007b3000000,0x00000007b4680000)
 ParOldGen       total 126464K, used 42840K [0x000000070ae00000, 0x0000000712980000, 0x00000007ae500000)
  object space 126464K, 33% used [0x000000070ae00000,0x000000070d7d6108,0x0000000712980000)
 Metaspace       used 93350K, committed 94336K, reserved 1138688K
  class space    used 11693K, committed 12096K, reserved 1048576K
}
Event: 3777.916 GC heap before
{Heap before GC invocations=59 (full 5):
 PSYoungGen      total 68608K, used 68475K [0x00000007ae500000, 0x00000007b4680000, 0x0000000800000000)
  eden space 53760K, 100% used [0x00000007ae500000,0x00000007b1980000,0x00000007b1980000)
  from space 14848K, 99% used [0x00000007b1a80000,0x00000007b28ded70,0x00000007b2900000)
  to   space 23040K, 0% used [0x00000007b3000000,0x00000007b3000000,0x00000007b4680000)
 ParOldGen       total 126464K, used 42840K [0x000000070ae00000, 0x0000000712980000, 0x00000007ae500000)
  object space 126464K, 33% used [0x000000070ae00000,0x000000070d7d6108,0x0000000712980000)
 Metaspace       used 93459K, committed 94336K, reserved 1138688K
  class space    used 11706K, committed 12096K, reserved 1048576K
}
Event: 3777.919 GC heap after
{Heap after GC invocations=59 (full 5):
 PSYoungGen      total 73728K, used 11798K [0x00000007ae500000, 0x00000007b4480000, 0x0000000800000000)
  eden space 52736K, 0% used [0x00000007ae500000,0x00000007ae500000,0x00000007b1880000)
  from space 20992K, 56% used [0x00000007b3000000,0x00000007b3b85ae8,0x00000007b4480000)
  to   space 22528K, 0% used [0x00000007b1880000,0x00000007b1880000,0x00000007b2e80000)
 ParOldGen       total 126464K, used 46413K [0x000000070ae00000, 0x0000000712980000, 0x00000007ae500000)
  object space 126464K, 36% used [0x000000070ae00000,0x000000070db534b8,0x0000000712980000)
 Metaspace       used 93459K, committed 94336K, reserved 1138688K
  class space    used 11706K, committed 12096K, reserved 1048576K
}
Event: 3781.742 GC heap before
{Heap before GC invocations=60 (full 5):
 PSYoungGen      total 73728K, used 64534K [0x00000007ae500000, 0x00000007b4480000, 0x0000000800000000)
  eden space 52736K, 100% used [0x00000007ae500000,0x00000007b1880000,0x00000007b1880000)
  from space 20992K, 56% used [0x00000007b3000000,0x00000007b3b85ae8,0x00000007b4480000)
  to   space 22528K, 0% used [0x00000007b1880000,0x00000007b1880000,0x00000007b2e80000)
 ParOldGen       total 126464K, used 46413K [0x000000070ae00000, 0x0000000712980000, 0x00000007ae500000)
  object space 126464K, 36% used [0x000000070ae00000,0x000000070db534b8,0x0000000712980000)
 Metaspace       used 93615K, committed 94464K, reserved 1138688K
  class space    used 11720K, committed 12096K, reserved 1048576K
}
Event: 3781.744 GC heap after
{Heap after GC invocations=60 (full 5):
 PSYoungGen      total 65536K, used 13405K [0x00000007ae500000, 0x00000007b4380000, 0x0000000800000000)
  eden space 51712K, 0% used [0x00000007ae500000,0x00000007ae500000,0x00000007b1780000)
  from space 13824K, 96% used [0x00000007b1880000,0x00000007b2597578,0x00000007b2600000)
  to   space 22528K, 0% used [0x00000007b2d80000,0x00000007b2d80000,0x00000007b4380000)
 ParOldGen       total 126464K, used 46565K [0x000000070ae00000, 0x0000000712980000, 0x00000007ae500000)
  object space 126464K, 36% used [0x000000070ae00000,0x000000070db794d8,0x0000000712980000)
 Metaspace       used 93615K, committed 94464K, reserved 1138688K
  class space    used 11720K, committed 12096K, reserved 1048576K
}
Event: 4564.272 GC heap before
{Heap before GC invocations=61 (full 5):
 PSYoungGen      total 65536K, used 65105K [0x00000007ae500000, 0x00000007b4380000, 0x0000000800000000)
  eden space 51712K, 99% used [0x00000007ae500000,0x00000007b177cf38,0x00000007b1780000)
  from space 13824K, 96% used [0x00000007b1880000,0x00000007b2597578,0x00000007b2600000)
  to   space 22528K, 0% used [0x00000007b2d80000,0x00000007b2d80000,0x00000007b4380000)
 ParOldGen       total 126464K, used 46565K [0x000000070ae00000, 0x0000000712980000, 0x00000007ae500000)
  object space 126464K, 36% used [0x000000070ae00000,0x000000070db794d8,0x0000000712980000)
 Metaspace       used 93729K, committed 94528K, reserved 1138688K
  class space    used 11736K, committed 12096K, reserved 1048576K
}
Event: 4564.273 GC heap after
{Heap after GC invocations=61 (full 5):
 PSYoungGen      total 72192K, used 4505K [0x00000007ae500000, 0x00000007b4280000, 0x0000000800000000)
  eden space 50688K, 0% used [0x00000007ae500000,0x00000007ae500000,0x00000007b1680000)
  from space 21504K, 20% used [0x00000007b2d80000,0x00000007b31e6708,0x00000007b4280000)
  to   space 22528K, 0% used [0x00000007b1680000,0x00000007b1680000,0x00000007b2c80000)
 ParOldGen       total 126464K, used 46725K [0x000000070ae00000, 0x0000000712980000, 0x00000007ae500000)
  object space 126464K, 36% used [0x000000070ae00000,0x000000070dba1508,0x0000000712980000)
 Metaspace       used 93729K, committed 94528K, reserved 1138688K
  class space    used 11736K, committed 12096K, reserved 1048576K
}

Deoptimization events (20 events):
Event: 4691.153 Thread 0x000070b0b002b900 Uncommon trap: trap_request=0xfffffff4 fr.pc=0x000070b204ea4f3c relative=0x00000000000032bc
Event: 4691.153 Thread 0x000070b21495da80 Uncommon trap: trap_request=0xffffff5c fr.pc=0x000070b205267420 relative=0x0000000000000d40
Event: 4691.153 Thread 0x000070b21495da80 Uncommon trap: reason=speculate_null_check action=make_not_entrant pc=0x000070b205267420 method=java.util.concurrent.locks.AbstractQueuedSynchronizer.acquire(Ljava/util/concurrent/locks/AbstractQueuedSynchronizer$Node;IZZZJ)I @ 254 c2
Event: 4691.153 Thread 0x000070b0b002b900 Uncommon trap: reason=null_check action=make_not_entrant pc=0x000070b204ea4f3c method=monix.eval.internal.TaskRunLoop$.startFull(Lmonix/eval/Task;Lmonix/eval/Task$Context;Lmonix/execution/Callback;Lmonix/eval/internal/TaskRestartCallback;Lscala/Function1;
Event: 4691.153 Thread 0x000070b21495da80 DEOPT PACKING pc=0x000070b205267420 sp=0x000070b1dbffd820
Event: 4691.153 Thread 0x000070b0b002b900 DEOPT PACKING pc=0x000070b204ea4f3c sp=0x000070b1ab7fe630
Event: 4691.153 Thread 0x000070b0b002b900 DEOPT UNPACKING pc=0x000070b1fca51d99 sp=0x000070b1ab7fe478 mode 2
Event: 4691.153 Thread 0x000070b21495da80 DEOPT UNPACKING pc=0x000070b1fca51d99 sp=0x000070b1dbffd7f0 mode 2
Event: 4691.255 Thread 0x000070b0c0010bf0 Uncommon trap: trap_request=0xffffff45 fr.pc=0x000070b204cb9c94 relative=0x0000000000000274
Event: 4691.255 Thread 0x000070b0c0010bf0 Uncommon trap: reason=unstable_if action=reinterpret pc=0x000070b204cb9c94 method=scala.collection.mutable.ResizableArray.ensureSize(I)V @ 28 c2
Event: 4691.255 Thread 0x000070b0c0010bf0 DEOPT PACKING pc=0x000070b204cb9c94 sp=0x000070b1c13fe260
Event: 4691.255 Thread 0x000070b0c0010bf0 DEOPT UNPACKING pc=0x000070b1fca51d99 sp=0x000070b1c13fe1f8 mode 2
Event: 4691.591 Thread 0x000070b188003a30 Uncommon trap: trap_request=0xffffff45 fr.pc=0x000070b204aec404 relative=0x0000000000000064
Event: 4691.591 Thread 0x000070b188003a30 Uncommon trap: reason=unstable_if action=reinterpret pc=0x000070b204aec404 method=java.util.concurrent.FutureTask.report(I)Ljava/lang/Object; @ 7 c2
Event: 4691.591 Thread 0x000070b188003a30 DEOPT PACKING pc=0x000070b204aec404 sp=0x000070b1b6bfe530
Event: 4691.591 Thread 0x000070b188003a30 DEOPT UNPACKING pc=0x000070b1fca51d99 sp=0x000070b1b6bfe4e0 mode 2
Event: 4691.692 Thread 0x000070b0c0010bf0 Uncommon trap: trap_request=0xffffffde fr.pc=0x000070b20499d680 relative=0x0000000000001700
Event: 4691.692 Thread 0x000070b0c0010bf0 Uncommon trap: reason=class_check action=maybe_recompile pc=0x000070b20499d680 method=java.nio.file.Files.list(Ljava/nio/file/Path;)Ljava/util/stream/Stream; @ 6 c2
Event: 4691.692 Thread 0x000070b0c0010bf0 DEOPT PACKING pc=0x000070b20499d680 sp=0x000070b1c13fe1b0
Event: 4691.692 Thread 0x000070b0c0010bf0 DEOPT UNPACKING pc=0x000070b1fca51d99 sp=0x000070b1c13fe1b0 mode 2

Classes unloaded (20 events):
Event: 3732.632 Thread 0x000070b21406ede0 Unloading class 0x00000008017a5000 'dotty/tools/xsbt/CompilerBridgeDriver$1'
Event: 3732.632 Thread 0x000070b21406ede0 Unloading class 0x00000008017604a8 'dotty/tools/xsbt/InterfaceCompileFailed'
Event: 3732.632 Thread 0x000070b21406ede0 Unloading class 0x00000008015fc800 'dotty/tools/xsbt/DelegatingReporter'
Event: 3732.632 Thread 0x000070b21406ede0 Unloading class 0x0000000801760220 'dotty/tools/xsbt/CompilerBridgeDriver'
Event: 3732.632 Thread 0x000070b21406ede0 Unloading class 0x0000000801760000 'dotty/tools/xsbt/CompilerBridge'
Event: 3732.632 Thread 0x000070b21406ede0 Unloading class 0x00000008017df1d8 'dotty/tools/xsbt/CompilerBridgeDriver$$Lambda$3802+0x00000008017df1d8'
Event: 3732.632 Thread 0x000070b21406ede0 Unloading class 0x00000008017defb0 'dotty/tools/xsbt/CompilerBridgeDriver$$Lambda$3801+0x00000008017defb0'
Event: 3732.632 Thread 0x000070b21406ede0 Unloading class 0x00000008017decf0 'dotty/tools/xsbt/CompilerBridgeDriver$$Lambda$3800+0x00000008017decf0'
Event: 3732.632 Thread 0x000070b21406ede0 Unloading class 0x00000008017de928 'dotty/tools/xsbt/CompilerBridgeDriver$$Lambda$3799+0x00000008017de928'
Event: 3732.632 Thread 0x000070b21406ede0 Unloading class 0x00000008017de700 'dotty/tools/xsbt/CompilerBridgeDriver$$Lambda$3798+0x00000008017de700'
Event: 3732.632 Thread 0x000070b21406ede0 Unloading class 0x00000008017de4b8 'dotty/tools/xsbt/CompilerBridgeDriver$$Lambda$3797+0x00000008017de4b8'
Event: 3732.632 Thread 0x000070b21406ede0 Unloading class 0x00000008017de240 'dotty/tools/xsbt/IncrementalCallback'
Event: 3732.632 Thread 0x000070b21406ede0 Unloading class 0x00000008017de000 'dotty/tools/xsbt/ProgressCallbackImpl'
Event: 3732.632 Thread 0x000070b21406ede0 Unloading class 0x00000008017ddc28 'dotty/tools/xsbt/CompilerBridgeDriver$$Lambda$3796+0x00000008017ddc28'
Event: 3732.632 Thread 0x000070b21406ede0 Unloading class 0x00000008017dc440 'dotty/tools/xsbt/CompilerBridgeDriver$$Lambda$3795+0x00000008017dc440'
Event: 3732.632 Thread 0x000070b21406ede0 Unloading class 0x00000008017dd000 'dotty/tools/xsbt/CompilerBridgeDriver$1'
Event: 3732.632 Thread 0x000070b21406ede0 Unloading class 0x00000008017d7ca8 'dotty/tools/xsbt/InterfaceCompileFailed'
Event: 3732.632 Thread 0x000070b21406ede0 Unloading class 0x00000008017dc000 'dotty/tools/xsbt/DelegatingReporter'
Event: 3732.632 Thread 0x000070b21406ede0 Unloading class 0x00000008017d7a20 'dotty/tools/xsbt/CompilerBridgeDriver'
Event: 3732.632 Thread 0x000070b21406ede0 Unloading class 0x00000008017d7800 'dotty/tools/xsbt/CompilerBridge'

Classes redefined (0 events):
No events

Internal exceptions (20 events):
Event: 4564.353 Thread 0x000070b050168ab0 Exception <a 'sun/nio/fs/UnixException'{0x00000007b09666f8}> (0x00000007b09666f8) 
thrown [src/hotspot/share/prims/jni.cpp, line 516]
Event: 4564.353 Thread 0x000070b050168ab0 Exception <a 'sun/nio/fs/UnixException'{0x00000007b0966af8}> (0x00000007b0966af8) 
thrown [src/hotspot/share/prims/jni.cpp, line 516]
Event: 4564.353 Thread 0x000070b0a41119b0 Exception <a 'sun/nio/fs/UnixException'{0x00000007b0971928}> (0x00000007b0971928) 
thrown [src/hotspot/share/prims/jni.cpp, line 516]
Event: 4564.353 Thread 0x000070b098017780 Exception <a 'sun/nio/fs/UnixException'{0x00000007b093ad08}> (0x00000007b093ad08) 
thrown [src/hotspot/share/prims/jni.cpp, line 516]
Event: 4564.353 Thread 0x000070b098018710 Exception <a 'sun/nio/fs/UnixException'{0x00000007b0909b98}> (0x00000007b0909b98) 
thrown [src/hotspot/share/prims/jni.cpp, line 516]
Event: 4564.353 Thread 0x000070b098004380 Exception <a 'sun/nio/fs/UnixException'{0x00000007b0950120}> (0x00000007b0950120) 
thrown [src/hotspot/share/prims/jni.cpp, line 516]
Event: 4564.353 Thread 0x000070b050164ef0 Exception <a 'sun/nio/fs/UnixException'{0x00000007b09584a8}> (0x00000007b09584a8) 
thrown [src/hotspot/share/prims/jni.cpp, line 516]
Event: 4564.353 Thread 0x000070b098017780 Exception <a 'sun/nio/fs/UnixException'{0x00000007b093b120}> (0x00000007b093b120) 
thrown [src/hotspot/share/prims/jni.cpp, line 516]
Event: 4564.353 Thread 0x000070b050168ab0 Exception <a 'sun/nio/fs/UnixException'{0x00000007b0966f60}> (0x00000007b0966f60) 
thrown [src/hotspot/share/prims/jni.cpp, line 516]
Event: 4564.353 Thread 0x000070b098018710 Exception <a 'sun/nio/fs/UnixException'{0x00000007b0909fe0}> (0x00000007b0909fe0) 
thrown [src/hotspot/share/prims/jni.cpp, line 516]
Event: 4564.353 Thread 0x000070b110015fb0 Exception <a 'sun/nio/fs/UnixException'{0x00000007b0920498}> (0x00000007b0920498) 
thrown [src/hotspot/share/prims/jni.cpp, line 516]
Event: 4564.353 Thread 0x000070b110015fb0 Exception <a 'sun/nio/fs/UnixException'{0x00000007b0920898}> (0x00000007b0920898) 
thrown [src/hotspot/share/prims/jni.cpp, line 516]
Event: 4591.222 Thread 0x000070b050168ab0 Exception <a 'java/lang/NoSuchMethodError'{0x00000007b0968360}: 'void java.lang.invoke.DirectMethodHandle$Holder.invokeStatic(java.lang.Object, java.lang.Object, java.lang.Object, java.lang.Object, java.lang.Object, java.lang.Object, java.lang.Object, java.lang.Object, java.lang.Object)'> (0x00000007b0968360) 
thrown [src/hotspot/share/interpreter/linkResolver.cpp, line 766]
Event: 4591.222 Thread 0x000070b098018710 Exception <a 'java/lang/NoSuchMethodError'{0x00000007b0a29dc0}: 'void java.lang.invoke.DirectMethodHandle$Holder.invokeStatic(java.lang.Object, java.lang.Object, java.lang.Object, java.lang.Object, java.lang.Object, java.lang.Object, java.lang.Object, java.lang.Object, java.lang.Object)'> (0x00000007b0a29dc0) 
thrown [src/hotspot/share/interpreter/linkResolver.cpp, line 766]
Event: 4691.153 Thread 0x000070b0b002b900 Implicit null exception at 0x000070b204ea25b9 to 0x000070b204ea4f04
Event: 4691.590 Thread 0x000070b0b002c8e0 Exception <a 'java/io/IOException'{0x00000007b0d29178}> (0x00000007b0d29178) 
thrown [src/hotspot/share/prims/jni.cpp, line 516]
Event: 4691.591 Thread 0x000070b060197db0 Exception <a 'sun/net/ConnectionResetException'{0x00000007b0cd1d10}: Connection reset> (0x00000007b0cd1d10) 
thrown [src/hotspot/share/prims/jni.cpp, line 535]
Event: 4691.591 Thread 0x000070b050164ef0 Exception <a 'sun/nio/fs/UnixException'{0x00000007b0cfe168}> (0x00000007b0cfe168) 
thrown [src/hotspot/share/prims/jni.cpp, line 516]
Event: 4691.591 Thread 0x000070b05008f5a0 Exception <a 'sun/nio/fs/UnixException'{0x00000007b0d007c8}> (0x00000007b0d007c8) 
thrown [src/hotspot/share/prims/jni.cpp, line 516]
Event: 4691.592 Thread 0x000070b21495da80 Exception <a 'java/io/IOException'{0x00000007b0c97718}> (0x00000007b0c97718) 
thrown [src/hotspot/share/prims/jni.cpp, line 516]

VM Operations (20 events):
Event: 3962.774 Executing VM operation: Cleanup
Event: 3962.774 Executing VM operation: Cleanup done
Event: 4083.791 Executing VM operation: Cleanup
Event: 4083.792 Executing VM operation: Cleanup done
Event: 4564.272 Executing VM operation: ParallelGCFailedAllocation
Event: 4564.273 Executing VM operation: ParallelGCFailedAllocation done
Event: 4564.293 Executing VM operation: HandshakeAllThreads
Event: 4564.293 Executing VM operation: HandshakeAllThreads done
Event: 4565.294 Executing VM operation: Cleanup
Event: 4565.294 Executing VM operation: Cleanup done
Event: 4591.297 Executing VM operation: Cleanup
Event: 4591.297 Executing VM operation: Cleanup done
Event: 4592.297 Executing VM operation: Cleanup
Event: 4592.297 Executing VM operation: Cleanup done
Event: 4691.311 Executing VM operation: Cleanup
Event: 4691.311 Executing VM operation: Cleanup done
Event: 4691.591 Executing VM operation: HandshakeAllThreads
Event: 4691.591 Executing VM operation: HandshakeAllThreads done
Event: 4692.591 Executing VM operation: Cleanup
Event: 4692.591 Executing VM operation: Cleanup done

Events (20 events):
Event: 4751.592 Thread 0x000070b0b002c8e0 Thread exited: 0x000070b0b002c8e0
Event: 4751.592 Thread 0x000070b05008f5a0 Thread exited: 0x000070b05008f5a0
Event: 4751.592 Thread 0x000070b0b002b900 Thread exited: 0x000070b0b002b900
Event: 4751.692 Thread 0x000070b0c0010bf0 Thread exited: 0x000070b0c0010bf0
Event: 4811.593 Thread 0x000070b1940b60b0 Thread exited: 0x000070b1940b60b0
Event: 4871.592 Thread 0x000070b08c008520 Thread exited: 0x000070b08c008520
Event: 4931.592 Thread 0x000070b090031e80 Thread exited: 0x000070b090031e80
Event: 4991.592 Thread 0x000070b08c007810 Thread exited: 0x000070b08c007810
Event: 5051.592 Thread 0x000070b0b0001790 Thread exited: 0x000070b0b0001790
Event: 5111.593 Thread 0x000070b114001800 Thread exited: 0x000070b114001800
Event: 5171.593 Thread 0x000070b120028550 Thread exited: 0x000070b120028550
Event: 5231.592 Thread 0x000070b1200852d0 Thread exited: 0x000070b1200852d0
Event: 5291.593 Thread 0x000070b1802eb630 Thread exited: 0x000070b1802eb630
Event: 5351.593 Thread 0x000070b12000b6c0 Thread exited: 0x000070b12000b6c0
Event: 5411.592 Thread 0x000070b0cc031e40 Thread exited: 0x000070b0cc031e40
Event: 5471.592 Thread 0x000070b114002f00 Thread exited: 0x000070b114002f00
Event: 5531.592 Thread 0x000070b11c075b60 Thread exited: 0x000070b11c075b60
Event: 5591.592 Thread 0x000070b12000d430 Thread exited: 0x000070b12000d430
Event: 190688.977 loading class jdk/internal/access/JavaAWTAccess
Event: 190688.980 loading class jdk/internal/access/JavaAWTAccess done



[error occurred during error reporting (printing dynamic libraries), id 0x7, SIGBUS (0x7) at pc=0x000070b219e42180]


VM Arguments:
jvm_args: -Xss4m -XX:MaxInlineLevel=20 -XX:+UseParallelGC 
java_command: bloop.Server 8212
java_class_path (initial): /oden/peter/.cache/coursier/v1/https/repo1.maven.org/maven2/ch/epfl/scala/bloop-frontend_2.12/1.6.0/bloop-frontend_2.12-1.6.0.jar:/oden/peter/.cache/coursier/v1/https/repo1.maven.org/maven2/org/scala-lang/scala-library/2.12.19/scala-library-2.12.19.jar:/oden/peter/.cache/coursier/v1/https/repo1.maven.org/maven2/ch/epfl/scala/sockets/1.6.0/sockets-1.6.0.jar:/oden/peter/.cache/coursier/v1/https/repo1.maven.org/maven2/ch/epfl/scala/bloop-shared_2.12/1.6.0/bloop-shared_2.12-1.6.0.jar:/oden/peter/.cache/coursier/v1/https/repo1.maven.org/maven2/ch/epfl/scala/bloop-backend_2.12/1.6.0/bloop-backend_2.12-1.6.0.jar:/oden/peter/.cache/coursier/v1/https/repo1.maven.org/maven2/org/scalaz/scalaz-core_2.12/7.3.8/scalaz-core_2.12-7.3.8.jar:/oden/peter/.cache/coursier/v1/https/repo1.maven.org/maven2/io/monix/monix_2.12/3.2.0/monix_2.12-3.2.0.jar:/oden/peter/.cache/coursier/v1/https/repo1.maven.org/maven2/com/github/alexarchambault/case-app_2.12/2.0.6/case-app_2.12-2.0.6.jar:/oden/peter/.cache/coursier/v1/https/repo1.maven.org/maven2/ch/epfl/scala/scala-debug-adapter_2.12/4.2.0/scala-debug-adapter_2.12-4.2.0.jar:/oden/peter/.cache/coursier/v1/https/repo1.maven.org/maven2/ch/epfl/scala/bloop-config_2.12/2.0.2/bloop-config_2.12-2.0.2.jar:/oden/peter/.cache/coursier/v1/https/repo1.maven.org/maven2/ch/qos/logback/logback-classic/1.3.14/logback-classic-1.3.14.jar:/oden/peter/.cache/coursier/v1/https/repo1.maven.org/maven2/net/java/dev/jna/jna/5.14.0/jna-5.14.0.jar:/oden/peter/.cache/coursier/v1/https/repo1.maven.org/maven2/net/java/dev/jna/jna-platform/5.14.0/jna-platform-5.14.0.jar:/oden/peter/.cache/coursier/v1/https/repo1.maven.org/maven2/com/github/plokhotnyuk/jsoniter-scala/jsoniter-scala-core_2.12/2.13.3.2/jsoniter-scala-core_2.12-2.13.3.2.jar:/oden/peter/.cache/coursier/v1/https/repo1.maven.org/maven2/com/github/plokhotnyuk/jsoniter-scala/jsoniter-scala-macros_2.12/2.13.3.2/jsoniter-scala-macros_2.12-2.13.3.2.jar:/oden/peter/.cache/coursier/v1/https/rep
Launcher Type: SUN_STANDARD

[Global flags]
     intx CICompilerCount                          = 12                                        {product} {ergonomic}
   size_t InitialHeapSize                          = 257949696                                 {product} {ergonomic}
   size_t MaxHeapSize                              = 4112515072                                {product} {ergonomic}
     intx MaxInlineLevel                           = 20                                     {C2 product} {command line}
   size_t MaxNewSize                               = 1370488832                                {product} {ergonomic}
   size_t MinHeapDeltaBytes                        = 524288                                    {product} {ergonomic}
   size_t MinHeapSize                              = 8388608                                   {product} {ergonomic}
   size_t NewSize                                  = 85983232                                  {product} {ergonomic}
    uintx NonNMethodCodeHeapSize                   = 7602480                                {pd product} {ergonomic}
    uintx NonProfiledCodeHeapSize                  = 122027880                              {pd product} {ergonomic}
   size_t OldSize                                  = 171966464                                 {product} {ergonomic}
    uintx ProfiledCodeHeapSize                     = 122027880                              {pd product} {ergonomic}
    uintx ReservedCodeCacheSize                    = 251658240                              {pd product} {ergonomic}
     bool SegmentedCodeCache                       = true                                      {product} {ergonomic}
   size_t SoftMaxHeapSize                          = 4112515072                             {manageable} {ergonomic}
     intx ThreadStackSize                          = 4096                                   {pd product} {command line}
     bool UseCompressedClassPointers               = true                           {product lp64_product} {ergonomic}
     bool UseCompressedOops                        = true                           {product lp64_product} {ergonomic}
     bool UseParallelGC                            = true                                      {product} {command line}

Logging:
Log output configuration:
 #0: stdout all=warning uptime,level,tags
 #1: stderr all=off uptime,level,tags

Environment Variables:
PATH=/workspace/peter/miniconda3/bin:/workspace/peter/miniconda3/condabin:/oden/peter/.local/bin:/oden/peter/bin:/usr/local/sbin:/usr/local/bin:/usr/sbin:/usr/bin:/sbin:/bin:/usr/games:/usr/local/games:/opt/puppetlabs/bin:~/.local/share/coursier/bin:/oden/peter/.local/share/coursier/bin
USERNAME=peter
SHELL=/bin/bash
DISPLAY=:1
LANG=en_US.UTF-8

Signal Handlers:
   SIGSEGV: 
[error occurred during error reporting (printing signal handlers), id 0x7, SIGBUS (0x7) at pc=0x000070b219e42000]


---------------  S Y S T E M  ---------------

OS:

[error occurred during error reporting (printing OS information), id 0x7, SIGBUS (0x7) at pc=0x000070b219e422a0]

CPU: total 16 (initial active 16) (16 cores per cpu, 1 threads per core) family 6 model 151 stepping 2 microcode 0x36, cx8, cmov, fxsr, mmx, 3dnowpref, sse, sse2, sse3, ssse3, sse4.1, sse4.2, popcnt, lzcnt, tsc, tscinvbit, avx, avx2, aes, erms, clmul, bmi1, bmi2, adx, sha, fma, vzeroupper, clflush, clflushopt, clwb
CPU Model and flags from /proc/cpuinfo:
model name	: 12th Gen Intel(R) Core(TM) i5-12600K
flags		: fpu vme de pse tsc msr pae mce cx8 apic sep mtrr pge mca cmov pat pse36 clflush dts acpi mmx fxsr sse sse2 ss ht tm pbe syscall nx pdpe1gb rdtscp lm constant_tsc art arch_perfmon pebs bts rep_good nopl xtopology nonstop_tsc cpuid aperfmperf tsc_known_freq pni pclmulqdq dtes64 monitor ds_cpl vmx smx est tm2 ssse3 sdbg fma cx16 xtpr pdcm pcid sse4_1 sse4_2 x2apic movbe popcnt tsc_deadline_timer aes xsave avx f16c rdrand lahf_lm abm 3dnowprefetch cpuid_fault epb ssbd ibrs ibpb stibp ibrs_enhanced tpr_shadow flexpriority ept vpid ept_ad fsgsbase tsc_adjust bmi1 avx2 smep bmi2 erms invpcid rdseed adx smap clflushopt clwb intel_pt sha_ni xsaveopt xsavec xgetbv1 xsaves split_lock_detect user_shstk avx_vnni dtherm ida arat pln pts hwp hwp_notify hwp_act_window hwp_epp hwp_pkg_req hfi vnmi umip pku ospke waitpkg gfni vaes vpclmulqdq tme rdpid movdiri movdir64b fsrm md_clear serialize pconfig arch_lbr ibt flush_l1d arch_capabilities

Online cpus: 0-15
Offline cpus: 
BIOS frequency limitation: <Not Available>
Frequency switch latency (ns): 0
Available cpu frequencies: <Not Available>
Current governor: powersave
Core performance/turbo boost: <Not Available>

Memory: 4k page, physical 16056956k(7467344k free), swap 12582904k(11928568k free)
Page Sizes: 4k

vm_info: OpenJDK 64-Bit Server VM (17+35) for linux-amd64 JRE (17+35), built on Sep 14 2021 22:13:23 by "" with gcc 7.5.0

END.
